Compiling the CXX compiler identification source file "CMakeCXXCompilerId.cpp" failed.
Compiler: C:/Qt/Qt5.15.1/Tools/mingw810_32/bin/g++.exe 
Build flags: 
Id flags:  

The output was:
1


Compiling the CXX compiler identification source file "CMakeCXXCompilerId.cpp" failed.
Compiler: C:/Qt/Qt5.15.1/Tools/mingw810_32/bin/g++.exe 
Build flags: 
Id flags: -c 

The output was:
1


Compiling the CXX compiler identification source file "CMakeCXXCompilerId.cpp" failed.
Compiler: C:/Qt/Qt5.15.1/Tools/mingw810_32/bin/g++.exe 
Build flags: 
Id flags: --c++ 

The output was:
1
g++.exe: error: unrecognized command line option '--c++'


Compiling the CXX compiler identification source file "CMakeCXXCompilerId.cpp" failed.
Compiler: C:/Qt/Qt5.15.1/Tools/mingw810_32/bin/g++.exe 
Build flags: 
Id flags: --ec++ 

The output was:
1
g++.exe: error: unrecognized command line option '--ec++'; did you mean '-Weffc++'?


Compiling the CXX compiler identification source file "CMakeCXXCompilerId.cpp" failed.
Compiler: C:/Qt/Qt5.15.1/Tools/mingw810_32/bin/g++.exe 
Build flags: 
Id flags:  

The output was:
1


Compiling the CXX compiler identification source file "CMakeCXXCompilerId.cpp" failed.
Compiler: C:/Qt/Qt5.15.1/Tools/mingw810_32/bin/g++.exe 
Build flags: 
Id flags: -c 

The output was:
1


Compiling the CXX compiler identification source file "CMakeCXXCompilerId.cpp" failed.
Compiler: C:/Qt/Qt5.15.1/Tools/mingw810_32/bin/g++.exe 
Build flags: 
Id flags: --c++ 

The output was:
1
g++.exe: error: unrecognized command line option '--c++'


Compiling the CXX compiler identification source file "CMakeCXXCompilerId.cpp" failed.
Compiler: C:/Qt/Qt5.15.1/Tools/mingw810_32/bin/g++.exe 
Build flags: 
Id flags: --ec++ 

The output was:
1
g++.exe: error: unrecognized command line option '--ec++'; did you mean '-Weffc++'?


Checking whether the CXX compiler is IAR using "" did not match "IAR .+ Compiler":
g++.exe: fatal error: no input files
compilation terminated.
Checking whether the CXX compiler is IAR using "" did not match "IAR .+ Compiler":
g++.exe: fatal error: no input files
compilation terminated.
Determining if the CXX compiler works failed with the following output:
Change Dir: D:/CloundProject/CMakeProjectTemplate/CMakeProjectTemplate1/scripts/build_out/CMakeFiles/CMakeTmp

Run Build Command:"C:/Qt/Qt5.15.1/Tools/mingw810_32/bin/mingw32-make.exe" "cmTC_620b2/fast"
C:/Qt/Qt5.15.1/Tools/mingw810_32/bin/mingw32-make.exe -f CMakeFiles\cmTC_620b2.dir\build.make CMakeFiles/cmTC_620b2.dir/build
mingw32-make.exe[1]: Entering directory 'D:/CloundProject/CMakeProjectTemplate/CMakeProjectTemplate1/scripts/build_out/CMakeFiles/CMakeTmp'
Building CXX object CMakeFiles/cmTC_620b2.dir/testCXXCompiler.cxx.obj
C:\Qt\Qt5.15.1\Tools\mingw810_32\bin\g++.exe     -o CMakeFiles\cmTC_620b2.dir\testCXXCompiler.cxx.obj -c D:\CloundProject\CMakeProjectTemplate\CMakeProjectTemplate1\scripts\build_out\CMakeFiles\CMakeTmp\testCXXCompiler.cxx
mingw32-make.exe[1]: *** [CMakeFiles\cmTC_620b2.dir\build.make:65: CMakeFiles/cmTC_620b2.dir/testCXXCompiler.cxx.obj] Error 1
mingw32-make.exe[1]: Leaving directory 'D:/CloundProject/CMakeProjectTemplate/CMakeProjectTemplate1/scripts/build_out/CMakeFiles/CMakeTmp'
mingw32-make.exe: *** [Makefile:125: cmTC_620b2/fast] Error 2


Compiling the CXX compiler identification source file "CMakeCXXCompilerId.cpp" failed.
Compiler: C:/Qt/Qt5.15.1/Tools/mingw810_32/bin/g++.exe 
Build flags: 
Id flags:  

The output was:
1


Compiling the CXX compiler identification source file "CMakeCXXCompilerId.cpp" failed.
Compiler: C:/Qt/Qt5.15.1/Tools/mingw810_32/bin/g++.exe 
Build flags: 
Id flags: -c 

The output was:
1


Compiling the CXX compiler identification source file "CMakeCXXCompilerId.cpp" failed.
Compiler: C:/Qt/Qt5.15.1/Tools/mingw810_32/bin/g++.exe 
Build flags: 
Id flags: --c++ 

The output was:
1
g++.exe: error: unrecognized command line option '--c++'


Compiling the CXX compiler identification source file "CMakeCXXCompilerId.cpp" failed.
Compiler: C:/Qt/Qt5.15.1/Tools/mingw810_32/bin/g++.exe 
Build flags: 
Id flags: --ec++ 

The output was:
1
g++.exe: error: unrecognized command line option '--ec++'; did you mean '-Weffc++'?


Compiling the CXX compiler identification source file "CMakeCXXCompilerId.cpp" failed.
Compiler: C:/Qt/Qt5.15.1/Tools/mingw810_32/bin/g++.exe 
Build flags: 
Id flags:  

The output was:
1


Compiling the CXX compiler identification source file "CMakeCXXCompilerId.cpp" failed.
Compiler: C:/Qt/Qt5.15.1/Tools/mingw810_32/bin/g++.exe 
Build flags: 
Id flags: -c 

The output was:
1


Compiling the CXX compiler identification source file "CMakeCXXCompilerId.cpp" failed.
Compiler: C:/Qt/Qt5.15.1/Tools/mingw810_32/bin/g++.exe 
Build flags: 
Id flags: --c++ 

The output was:
1
g++.exe: error: unrecognized command line option '--c++'


Compiling the CXX compiler identification source file "CMakeCXXCompilerId.cpp" failed.
Compiler: C:/Qt/Qt5.15.1/Tools/mingw810_32/bin/g++.exe 
Build flags: 
Id flags: --ec++ 

The output was:
1
g++.exe: error: unrecognized command line option '--ec++'; did you mean '-Weffc++'?


Checking whether the CXX compiler is IAR using "" did not match "IAR .+ Compiler":
g++.exe: fatal error: no input files
compilation terminated.
Checking whether the CXX compiler is IAR using "" did not match "IAR .+ Compiler":
g++.exe: fatal error: no input files
compilation terminated.
Determining if the CXX compiler works failed with the following output:
Change Dir: D:/CloundProject/CMakeProjectTemplate/CMakeProjectTemplate1/scripts/build_out/CMakeFiles/CMakeTmp

Run Build Command:"C:/Qt/Qt5.15.1/Tools/mingw810_32/bin/mingw32-make.exe" "cmTC_a3df0/fast"
C:/Qt/Qt5.15.1/Tools/mingw810_32/bin/mingw32-make.exe -f CMakeFiles\cmTC_a3df0.dir\build.make CMakeFiles/cmTC_a3df0.dir/build
mingw32-make.exe[1]: Entering directory 'D:/CloundProject/CMakeProjectTemplate/CMakeProjectTemplate1/scripts/build_out/CMakeFiles/CMakeTmp'
Building CXX object CMakeFiles/cmTC_a3df0.dir/testCXXCompiler.cxx.obj
C:\Qt\Qt5.15.1\Tools\mingw810_32\bin\g++.exe     -o CMakeFiles\cmTC_a3df0.dir\testCXXCompiler.cxx.obj -c D:\CloundProject\CMakeProjectTemplate\CMakeProjectTemplate1\scripts\build_out\CMakeFiles\CMakeTmp\testCXXCompiler.cxx
mingw32-make.exe[1]: *** [CMakeFiles\cmTC_a3df0.dir\build.make:65: CMakeFiles/cmTC_a3df0.dir/testCXXCompiler.cxx.obj] Error 1
mingw32-make.exe[1]: Leaving directory 'D:/CloundProject/CMakeProjectTemplate/CMakeProjectTemplate1/scripts/build_out/CMakeFiles/CMakeTmp'
mingw32-make.exe: *** [Makefile:125: cmTC_a3df0/fast] Error 2


